0 info it worked if it ends with ok
1 verbose cli [ '/usr/local/bin/node',
1 verbose cli   '/usr/local/bin/npm',
1 verbose cli   'install',
1 verbose cli   'client-session',
1 verbose cli   '--save' ]
2 info using npm@2.15.9
3 info using node@v4.6.1
4 verbose install initial load of /Users/christopherjohnson/Projects/refactor-u/ru-final-project/package.json
5 verbose installManyTop reading scoped package data from /Users/christopherjohnson/Projects/refactor-u/ru-final-project/node_modules/bcryptjs/package.json
6 verbose installManyTop reading scoped package data from /Users/christopherjohnson/Projects/refactor-u/ru-final-project/node_modules/body-parser/package.json
7 verbose installManyTop reading scoped package data from /Users/christopherjohnson/Projects/refactor-u/ru-final-project/node_modules/cookie-parser/package.json
8 verbose installManyTop reading scoped package data from /Users/christopherjohnson/Projects/refactor-u/ru-final-project/node_modules/debug/package.json
9 verbose installManyTop reading scoped package data from /Users/christopherjohnson/Projects/refactor-u/ru-final-project/node_modules/express/package.json
10 verbose installManyTop reading scoped package data from /Users/christopherjohnson/Projects/refactor-u/ru-final-project/node_modules/jade/package.json
11 verbose installManyTop reading scoped package data from /Users/christopherjohnson/Projects/refactor-u/ru-final-project/node_modules/mongoose/package.json
12 verbose installManyTop reading scoped package data from /Users/christopherjohnson/Projects/refactor-u/ru-final-project/node_modules/morgan/package.json
13 verbose installManyTop reading scoped package data from /Users/christopherjohnson/Projects/refactor-u/ru-final-project/node_modules/serve-favicon/package.json
14 verbose readDependencies loading dependencies from /Users/christopherjohnson/Projects/refactor-u/ru-final-project/package.json
15 silly cache add args [ 'client-session', null ]
16 verbose cache add spec client-session
17 silly cache add parsed spec Result {
17 silly cache add   raw: 'client-session',
17 silly cache add   scope: null,
17 silly cache add   name: 'client-session',
17 silly cache add   rawSpec: '',
17 silly cache add   spec: 'latest',
17 silly cache add   type: 'tag' }
18 silly addNamed client-session@latest
19 verbose addNamed "latest" is being treated as a dist-tag for client-session
20 info addNameTag [ 'client-session', 'latest' ]
21 silly mapToRegistry name client-session
22 silly mapToRegistry using default registry
23 silly mapToRegistry registry https://registry.npmjs.org/
24 silly mapToRegistry data Result {
24 silly mapToRegistry   raw: 'client-session',
24 silly mapToRegistry   scope: null,
24 silly mapToRegistry   name: 'client-session',
24 silly mapToRegistry   rawSpec: '',
24 silly mapToRegistry   spec: 'latest',
24 silly mapToRegistry   type: 'tag' }
25 silly mapToRegistry uri https://registry.npmjs.org/client-session
26 verbose addNameTag registry:https://registry.npmjs.org/client-session not in flight; fetching
27 verbose request uri https://registry.npmjs.org/client-session
28 verbose request no auth needed
29 info attempt registry request try #1 at 6:43:26 PM
30 verbose request id d82d1157c7b1160d
31 verbose etag W/"582543bb-45ea"
32 verbose lastModified Fri, 11 Nov 2016 04:06:19 GMT
33 http request GET https://registry.npmjs.org/client-session
34 http 304 https://registry.npmjs.org/client-session
35 verbose headers { date: 'Tue, 22 Nov 2016 01:43:26 GMT',
35 verbose headers   via: '1.1 varnish',
35 verbose headers   'cache-control': 'max-age=300',
35 verbose headers   etag: 'W/"582543bb-45ea"',
35 verbose headers   age: '38',
35 verbose headers   connection: 'keep-alive',
35 verbose headers   'x-served-by': 'cache-den6023-DEN',
35 verbose headers   'x-cache': 'HIT',
35 verbose headers   'x-cache-hits': '1',
35 verbose headers   'x-timer': 'S1479779006.439496,VS0,VE0',
35 verbose headers   vary: 'Accept-Encoding' }
36 silly get cb [ 304,
36 silly get   { date: 'Tue, 22 Nov 2016 01:43:26 GMT',
36 silly get     via: '1.1 varnish',
36 silly get     'cache-control': 'max-age=300',
36 silly get     etag: 'W/"582543bb-45ea"',
36 silly get     age: '38',
36 silly get     connection: 'keep-alive',
36 silly get     'x-served-by': 'cache-den6023-DEN',
36 silly get     'x-cache': 'HIT',
36 silly get     'x-cache-hits': '1',
36 silly get     'x-timer': 'S1479779006.439496,VS0,VE0',
36 silly get     vary: 'Accept-Encoding' } ]
37 verbose etag https://registry.npmjs.org/client-session from cache
38 verbose get saving client-session to /Users/christopherjohnson/.npm/registry.npmjs.org/client-session/.cache.json
39 verbose correctMkdir /Users/christopherjohnson/.npm correctMkdir not in flight; initializing
40 silly addNameTag next cb for client-session with tag latest
41 silly addNamed client-session@0.1.7
42 verbose addNamed "0.1.7" is a plain semver version for client-session
43 silly cache afterAdd client-session@0.1.7
44 verbose afterAdd /Users/christopherjohnson/.npm/client-session/0.1.7/package/package.json not in flight; writing
45 verbose correctMkdir /Users/christopherjohnson/.npm correctMkdir not in flight; initializing
46 verbose afterAdd /Users/christopherjohnson/.npm/client-session/0.1.7/package/package.json written
47 silly install resolved [ { author:
47 silly install resolved      { name: 'doublespout',
47 silly install resolved        email: 'snoopyxdy@163.com',
47 silly install resolved        url: 'http://snoopyxdy.blog.163.com' },
47 silly install resolved     name: 'client-session',
47 silly install resolved     description: 'cookie session for nodejs, store session in client browers\'s cookie, support Cross Process session without database store',
47 silly install resolved     keywords:
47 silly install resolved      [ 'cookie session',
47 silly install resolved        'cookie',
47 silly install resolved        'session',
47 silly install resolved        'client session',
47 silly install resolved        'cookie',
47 silly install resolved        'process',
47 silly install resolved        'Cross Process' ],
47 silly install resolved     version: '0.1.7',
47 silly install resolved     url: 'https://github.com/DoubleSpout/nodeClientSession',
47 silly install resolved     homepage: 'https://github.com/DoubleSpout/nodeClientSession',
47 silly install resolved     repository:
47 silly install resolved      { type: 'git',
47 silly install resolved        url: 'git+https://github.com/DoubleSpout/nodeClientSession.git' },
47 silly install resolved     main: 'index.js',
47 silly install resolved     engines: { node: '>=0.10.0' },
47 silly install resolved     dependencies: { cookie: '0.1.2' },
47 silly install resolved     scripts: { install: 'node-gyp rebuild', tset: 'node ./test/main.js' },
47 silly install resolved     gypfile: true,
47 silly install resolved     bugs: { url: 'https://github.com/DoubleSpout/nodeClientSession/issues' },
47 silly install resolved     _id: 'client-session@0.1.7',
47 silly install resolved     dist:
47 silly install resolved      { shasum: 'ca72caddeb4b59d55930b92a3f6f971ce0279184',
47 silly install resolved        tarball: 'https://registry.npmjs.org/client-session/-/client-session-0.1.7.tgz' },
47 silly install resolved     _from: 'client-session@latest',
47 silly install resolved     _npmVersion: '1.4.3',
47 silly install resolved     _npmUser: { name: 'doublespout', email: 'snoopyxdy@gmail.com' },
47 silly install resolved     maintainers: [ [Object] ],
47 silly install resolved     directories: {},
47 silly install resolved     _shasum: 'ca72caddeb4b59d55930b92a3f6f971ce0279184',
47 silly install resolved     _resolved: 'https://registry.npmjs.org/client-session/-/client-session-0.1.7.tgz',
47 silly install resolved     readme: 'ERROR: No README data found!' } ]
48 info install client-session@0.1.7 into /Users/christopherjohnson/Projects/refactor-u/ru-final-project
49 info installOne client-session@0.1.7
50 verbose installOne of client-session to /Users/christopherjohnson/Projects/refactor-u/ru-final-project not in flight; installing
51 verbose correctMkdir /Users/christopherjohnson/.npm/_locks correctMkdir not in flight; initializing
52 verbose lock using /Users/christopherjohnson/.npm/_locks/client-session-91626640067c5d5e.lock for /Users/christopherjohnson/Projects/refactor-u/ru-final-project/node_modules/client-session
53 silly install write writing client-session 0.1.7 to /Users/christopherjohnson/Projects/refactor-u/ru-final-project/node_modules/client-session
54 verbose unbuild node_modules/client-session
55 silly gentlyRm /Users/christopherjohnson/Projects/refactor-u/ru-final-project/node_modules/client-session is being purged from base /Users/christopherjohnson/Projects/refactor-u/ru-final-project
56 verbose gentlyRm don't care about contents; nuking /Users/christopherjohnson/Projects/refactor-u/ru-final-project/node_modules/client-session
57 verbose tar unpack /Users/christopherjohnson/.npm/client-session/0.1.7/package.tgz
58 verbose tar unpacking to /Users/christopherjohnson/Projects/refactor-u/ru-final-project/node_modules/client-session
59 silly gentlyRm /Users/christopherjohnson/Projects/refactor-u/ru-final-project/node_modules/client-session is being purged
60 verbose gentlyRm don't care about contents; nuking /Users/christopherjohnson/Projects/refactor-u/ru-final-project/node_modules/client-session
61 silly gunzTarPerm modes [ '755', '644' ]
62 silly gunzTarPerm extractEntry package.json
63 silly gunzTarPerm modified mode [ 'package.json', 438, 420 ]
64 silly gunzTarPerm extractEntry .npmignore
65 silly gunzTarPerm modified mode [ '.npmignore', 438, 420 ]
66 silly gunzTarPerm extractEntry README.md
67 silly gunzTarPerm modified mode [ 'README.md', 438, 420 ]
68 silly gunzTarPerm extractEntry index.js
69 silly gunzTarPerm modified mode [ 'index.js', 438, 420 ]
70 silly gunzTarPerm extractEntry binding.gyp
71 silly gunzTarPerm modified mode [ 'binding.gyp', 438, 420 ]
72 silly gunzTarPerm extractEntry example/multi_process_node.js
73 silly gunzTarPerm modified mode [ 'example/multi_process_node.js', 438, 420 ]
74 silly gunzTarPerm extractEntry example/one_process_express.js
75 silly gunzTarPerm modified mode [ 'example/one_process_express.js', 438, 420 ]
76 silly gunzTarPerm extractEntry example/one_process_node.js
77 silly gunzTarPerm modified mode [ 'example/one_process_node.js', 438, 420 ]
78 silly gunzTarPerm extractEntry example/redirect_node.js
79 silly gunzTarPerm modified mode [ 'example/redirect_node.js', 438, 420 ]
80 silly gunzTarPerm extractEntry example/simple.js
81 silly gunzTarPerm modified mode [ 'example/simple.js', 438, 420 ]
82 silly gunzTarPerm extractEntry example/simple_express.js
83 silly gunzTarPerm modified mode [ 'example/simple_express.js', 438, 420 ]
84 silly gunzTarPerm extractEntry example/1.txt
85 silly gunzTarPerm modified mode [ 'example/1.txt', 438, 420 ]
86 silly gunzTarPerm extractEntry .travis.yml
87 silly gunzTarPerm modified mode [ '.travis.yml', 438, 420 ]
88 silly gunzTarPerm extractEntry lib/client_session.js
89 silly gunzTarPerm modified mode [ 'lib/client_session.js', 438, 420 ]
90 silly gunzTarPerm extractEntry benchmark/benchmark_clinet_session_express.js
91 silly gunzTarPerm modified mode [ 'benchmark/benchmark_clinet_session_express.js', 438, 420 ]
92 silly gunzTarPerm extractEntry benchmark/benchmark_redis_session_express.js
93 silly gunzTarPerm modified mode [ 'benchmark/benchmark_redis_session_express.js', 438, 420 ]
94 silly gunzTarPerm extractEntry src/base64.cpp
95 silly gunzTarPerm modified mode [ 'src/base64.cpp', 438, 420 ]
96 silly gunzTarPerm extractEntry src/base64.h
97 silly gunzTarPerm modified mode [ 'src/base64.h', 438, 420 ]
98 silly gunzTarPerm extractEntry src/client_session_class.cpp
99 silly gunzTarPerm modified mode [ 'src/client_session_class.cpp', 438, 420 ]
100 silly gunzTarPerm extractEntry src/client_session_class.h
101 silly gunzTarPerm modified mode [ 'src/client_session_class.h', 438, 420 ]
102 silly gunzTarPerm extractEntry src/clientsession.cpp
103 silly gunzTarPerm modified mode [ 'src/clientsession.cpp', 438, 420 ]
104 silly gunzTarPerm extractEntry src/main.cpp
105 silly gunzTarPerm modified mode [ 'src/main.cpp', 438, 420 ]
106 silly gunzTarPerm extractEntry src/md5.cpp
107 silly gunzTarPerm modified mode [ 'src/md5.cpp', 438, 420 ]
108 silly gunzTarPerm extractEntry src/md5.h
109 silly gunzTarPerm modified mode [ 'src/md5.h', 438, 420 ]
110 silly gunzTarPerm extractEntry src/modp_base64/modp_b64.cc
111 silly gunzTarPerm modified mode [ 'src/modp_base64/modp_b64.cc', 438, 420 ]
112 silly gunzTarPerm extractEntry src/modp_base64/modp_b64.h
113 silly gunzTarPerm modified mode [ 'src/modp_base64/modp_b64.h', 438, 420 ]
114 silly gunzTarPerm extractEntry src/modp_base64/modp_b64_data.h
115 silly gunzTarPerm modified mode [ 'src/modp_base64/modp_b64_data.h', 438, 420 ]
116 silly gunzTarPerm extractEntry test/main.js
117 silly gunzTarPerm modified mode [ 'test/main.js', 438, 420 ]
118 silly gunzTarPerm extractEntry vendor.yml
119 silly gunzTarPerm modified mode [ 'vendor.yml', 438, 420 ]
120 verbose write writing to /Users/christopherjohnson/Projects/refactor-u/ru-final-project/node_modules/client-session/package.json
121 info preinstall client-session@0.1.7
122 verbose readDependencies loading dependencies from /Users/christopherjohnson/Projects/refactor-u/ru-final-project/node_modules/client-session/package.json
123 silly prepareForInstallMany adding cookie@0.1.2 from client-session dependencies
124 verbose readDependencies loading dependencies from /Users/christopherjohnson/Projects/refactor-u/ru-final-project/node_modules/client-session/package.json
125 silly cache add args [ 'cookie@0.1.2', null ]
126 verbose cache add spec cookie@0.1.2
127 silly cache add parsed spec Result {
127 silly cache add   raw: 'cookie@0.1.2',
127 silly cache add   scope: null,
127 silly cache add   name: 'cookie',
127 silly cache add   rawSpec: '0.1.2',
127 silly cache add   spec: '0.1.2',
127 silly cache add   type: 'version' }
128 silly addNamed cookie@0.1.2
129 verbose addNamed "0.1.2" is a plain semver version for cookie
130 silly mapToRegistry name cookie
131 silly mapToRegistry using default registry
132 silly mapToRegistry registry https://registry.npmjs.org/
133 silly mapToRegistry data Result {
133 silly mapToRegistry   raw: 'cookie',
133 silly mapToRegistry   scope: null,
133 silly mapToRegistry   name: 'cookie',
133 silly mapToRegistry   rawSpec: '',
133 silly mapToRegistry   spec: 'latest',
133 silly mapToRegistry   type: 'tag' }
134 silly mapToRegistry uri https://registry.npmjs.org/cookie
135 verbose addNameVersion registry:https://registry.npmjs.org/cookie not in flight; fetching
136 verbose request uri https://registry.npmjs.org/cookie
137 verbose request no auth needed
138 info attempt registry request try #1 at 6:43:26 PM
139 verbose etag W/"58285297-8051"
140 verbose lastModified Sun, 13 Nov 2016 11:46:31 GMT
141 http request GET https://registry.npmjs.org/cookie
142 http 304 https://registry.npmjs.org/cookie
143 verbose headers { date: 'Tue, 22 Nov 2016 01:43:26 GMT',
143 verbose headers   via: '1.1 varnish',
143 verbose headers   'cache-control': 'max-age=300',
143 verbose headers   etag: 'W/"58285297-8051"',
143 verbose headers   age: '37',
143 verbose headers   connection: 'keep-alive',
143 verbose headers   'x-served-by': 'cache-den6023-DEN',
143 verbose headers   'x-cache': 'HIT',
143 verbose headers   'x-cache-hits': '2',
143 verbose headers   'x-timer': 'S1479779006.651147,VS0,VE0',
143 verbose headers   vary: 'Accept-Encoding' }
144 silly get cb [ 304,
144 silly get   { date: 'Tue, 22 Nov 2016 01:43:26 GMT',
144 silly get     via: '1.1 varnish',
144 silly get     'cache-control': 'max-age=300',
144 silly get     etag: 'W/"58285297-8051"',
144 silly get     age: '37',
144 silly get     connection: 'keep-alive',
144 silly get     'x-served-by': 'cache-den6023-DEN',
144 silly get     'x-cache': 'HIT',
144 silly get     'x-cache-hits': '2',
144 silly get     'x-timer': 'S1479779006.651147,VS0,VE0',
144 silly get     vary: 'Accept-Encoding' } ]
145 verbose etag https://registry.npmjs.org/cookie from cache
146 verbose get saving cookie to /Users/christopherjohnson/.npm/registry.npmjs.org/cookie/.cache.json
147 verbose correctMkdir /Users/christopherjohnson/.npm correctMkdir not in flight; initializing
148 silly cache afterAdd cookie@0.1.2
149 verbose afterAdd /Users/christopherjohnson/.npm/cookie/0.1.2/package/package.json not in flight; writing
150 verbose correctMkdir /Users/christopherjohnson/.npm correctMkdir not in flight; initializing
151 verbose afterAdd /Users/christopherjohnson/.npm/cookie/0.1.2/package/package.json written
152 silly install resolved [ { author: { name: 'Roman Shtylman', email: 'shtylman@gmail.com' },
152 silly install resolved     name: 'cookie',
152 silly install resolved     description: 'cookie parsing and serialization',
152 silly install resolved     version: '0.1.2',
152 silly install resolved     repository:
152 silly install resolved      { type: 'git',
152 silly install resolved        url: 'git://github.com/shtylman/node-cookie.git' },
152 silly install resolved     keywords: [ 'cookie', 'cookies' ],
152 silly install resolved     main: 'index.js',
152 silly install resolved     scripts: { test: 'mocha' },
152 silly install resolved     dependencies: {},
152 silly install resolved     devDependencies: { mocha: '1.x.x' },
152 silly install resolved     optionalDependencies: {},
152 silly install resolved     engines: { node: '*' },
152 silly install resolved     bugs: { url: 'https://github.com/shtylman/node-cookie/issues' },
152 silly install resolved     homepage: 'https://github.com/shtylman/node-cookie',
152 silly install resolved     _id: 'cookie@0.1.2',
152 silly install resolved     dist:
152 silly install resolved      { shasum: '72fec3d24e48a3432073d90c12642005061004b1',
152 silly install resolved        tarball: 'https://registry.npmjs.org/cookie/-/cookie-0.1.2.tgz' },
152 silly install resolved     _from: 'cookie@0.1.2',
152 silly install resolved     _npmVersion: '1.4.6',
152 silly install resolved     _npmUser: { name: 'shtylman', email: 'shtylman@gmail.com' },
152 silly install resolved     maintainers: [ [Object] ],
152 silly install resolved     directories: {},
152 silly install resolved     _shasum: '72fec3d24e48a3432073d90c12642005061004b1',
152 silly install resolved     _resolved: 'https://registry.npmjs.org/cookie/-/cookie-0.1.2.tgz',
152 silly install resolved     readme: 'ERROR: No README data found!' } ]
153 info install cookie@0.1.2 into /Users/christopherjohnson/Projects/refactor-u/ru-final-project/node_modules/client-session
154 info installOne cookie@0.1.2
155 verbose installOne of cookie to /Users/christopherjohnson/Projects/refactor-u/ru-final-project/node_modules/client-session not in flight; installing
156 verbose correctMkdir /Users/christopherjohnson/.npm/_locks correctMkdir not in flight; initializing
157 verbose lock using /Users/christopherjohnson/.npm/_locks/cookie-0f70027e948b3b87.lock for /Users/christopherjohnson/Projects/refactor-u/ru-final-project/node_modules/client-session/node_modules/cookie
158 silly install write writing cookie 0.1.2 to /Users/christopherjohnson/Projects/refactor-u/ru-final-project/node_modules/client-session/node_modules/cookie
159 verbose unbuild node_modules/client-session/node_modules/cookie
160 silly gentlyRm /Users/christopherjohnson/Projects/refactor-u/ru-final-project/node_modules/client-session/node_modules/cookie is being purged from base /Users/christopherjohnson/Projects/refactor-u/ru-final-project
161 verbose gentlyRm don't care about contents; nuking /Users/christopherjohnson/Projects/refactor-u/ru-final-project/node_modules/client-session/node_modules/cookie
162 verbose tar unpack /Users/christopherjohnson/.npm/cookie/0.1.2/package.tgz
163 verbose tar unpacking to /Users/christopherjohnson/Projects/refactor-u/ru-final-project/node_modules/client-session/node_modules/cookie
164 silly gentlyRm /Users/christopherjohnson/Projects/refactor-u/ru-final-project/node_modules/client-session/node_modules/cookie is being purged
165 verbose gentlyRm don't care about contents; nuking /Users/christopherjohnson/Projects/refactor-u/ru-final-project/node_modules/client-session/node_modules/cookie
166 silly gunzTarPerm modes [ '755', '644' ]
167 silly gunzTarPerm extractEntry package.json
168 silly gunzTarPerm extractEntry .npmignore
169 silly gunzTarPerm extractEntry README.md
170 silly gunzTarPerm extractEntry LICENSE
171 silly gunzTarPerm extractEntry index.js
172 verbose write writing to /Users/christopherjohnson/Projects/refactor-u/ru-final-project/node_modules/client-session/node_modules/cookie/package.json
173 info preinstall cookie@0.1.2
174 verbose readDependencies loading dependencies from /Users/christopherjohnson/Projects/refactor-u/ru-final-project/node_modules/client-session/node_modules/cookie/package.json
175 verbose readDependencies loading dependencies from /Users/christopherjohnson/Projects/refactor-u/ru-final-project/node_modules/client-session/node_modules/cookie/package.json
176 silly install resolved []
177 verbose about to build /Users/christopherjohnson/Projects/refactor-u/ru-final-project/node_modules/client-session/node_modules/cookie
178 info build /Users/christopherjohnson/Projects/refactor-u/ru-final-project/node_modules/client-session/node_modules/cookie
179 info linkStuff cookie@0.1.2
180 silly linkStuff cookie@0.1.2 has /Users/christopherjohnson/Projects/refactor-u/ru-final-project/node_modules/client-session/node_modules as its parent node_modules
181 verbose linkBins cookie@0.1.2
182 verbose linkMans cookie@0.1.2
183 verbose rebuildBundles cookie@0.1.2
184 info install cookie@0.1.2
185 info postinstall cookie@0.1.2
186 verbose unlock done using /Users/christopherjohnson/.npm/_locks/cookie-0f70027e948b3b87.lock for /Users/christopherjohnson/Projects/refactor-u/ru-final-project/node_modules/client-session/node_modules/cookie
187 verbose about to build /Users/christopherjohnson/Projects/refactor-u/ru-final-project/node_modules/client-session
188 info build /Users/christopherjohnson/Projects/refactor-u/ru-final-project/node_modules/client-session
189 info linkStuff client-session@0.1.7
190 silly linkStuff client-session@0.1.7 has /Users/christopherjohnson/Projects/refactor-u/ru-final-project/node_modules as its parent node_modules
191 verbose linkBins client-session@0.1.7
192 verbose linkMans client-session@0.1.7
193 verbose rebuildBundles client-session@0.1.7
194 verbose rebuildBundles [ 'cookie' ]
195 info install client-session@0.1.7
196 verbose unsafe-perm in lifecycle false
197 info client-session@0.1.7 Failed to exec install script
198 verbose unlock done using /Users/christopherjohnson/.npm/_locks/client-session-91626640067c5d5e.lock for /Users/christopherjohnson/Projects/refactor-u/ru-final-project/node_modules/client-session
199 verbose stack Error: client-session@0.1.7 install: `node-gyp rebuild`
199 verbose stack Exit status 1
199 verbose stack     at EventEmitter.<anonymous> (/usr/local/lib/node_modules/npm/lib/utils/lifecycle.js:217:16)
199 verbose stack     at emitTwo (events.js:87:13)
199 verbose stack     at EventEmitter.emit (events.js:172:7)
199 verbose stack     at ChildProcess.<anonymous> (/usr/local/lib/node_modules/npm/lib/utils/spawn.js:24:14)
199 verbose stack     at emitTwo (events.js:87:13)
199 verbose stack     at ChildProcess.emit (events.js:172:7)
199 verbose stack     at maybeClose (internal/child_process.js:829:16)
199 verbose stack     at Process.ChildProcess._handle.onexit (internal/child_process.js:211:5)
200 verbose pkgid client-session@0.1.7
201 verbose cwd /Users/christopherjohnson/Projects/refactor-u/ru-final-project
202 error Darwin 16.1.0
203 error argv "/usr/local/bin/node" "/usr/local/bin/npm" "install" "client-session" "--save"
204 error node v4.6.1
205 error npm  v2.15.9
206 error code ELIFECYCLE
207 error client-session@0.1.7 install: `node-gyp rebuild`
207 error Exit status 1
208 error Failed at the client-session@0.1.7 install script 'node-gyp rebuild'.
208 error This is most likely a problem with the client-session package,
208 error not with npm itself.
208 error Tell the author that this fails on your system:
208 error     node-gyp rebuild
208 error You can get information on how to open an issue for this project with:
208 error     npm bugs client-session
208 error Or if that isn't available, you can get their info via:
208 error
208 error     npm owner ls client-session
208 error There is likely additional logging output above.
209 verbose exit [ 1, true ]
210 verbose unbuild node_modules/client-session
211 info preuninstall client-session@0.1.7
212 info uninstall client-session@0.1.7
213 verbose unbuild rmStuff client-session@0.1.7 from /Users/christopherjohnson/Projects/refactor-u/ru-final-project/node_modules
214 info postuninstall client-session@0.1.7
215 silly gentlyRm /Users/christopherjohnson/Projects/refactor-u/ru-final-project/node_modules/client-session is being purged from base /Users/christopherjohnson/Projects/refactor-u/ru-final-project
216 verbose gentlyRm don't care about contents; nuking /Users/christopherjohnson/Projects/refactor-u/ru-final-project/node_modules/client-session
217 silly vacuum-fs purging /Users/christopherjohnson/Projects/refactor-u/ru-final-project/node_modules/client-session
218 silly vacuum-fs quitting because other entries in /Users/christopherjohnson/Projects/refactor-u/ru-final-project/node_modules
